<?xml version="1.0" encoding="UTF-8"?>
<!-- Generated by org.testng.reporters.JUnitXMLReporter -->
<testsuite hostname="LAPTOP-0HA3NO3K" name="RegressionTest" tests="4" failures="0" timestamp="25 Apr 2017 02:36:23 GMT" time="78.769" errors="0">
  <testcase name="testHomePage" time="8.85" classname="testcases.VerifyLoginPageWithReports"/>
  <testcase name="testHomePage" time="8.775" classname="testcases.VerifyLoginPageWithReports1"/>
  <testcase name="testHomePage" time="8.138" classname="testcases.VerifyLoginPage"/>
  <testcase name="testHomePage" time="0.032" classname="testcases.VerifyHomePage"/>
</testsuite> <!-- RegressionTest -->
